<?xml version="1.0" encoding="UTF-8"?>
<!-- Generated by org.testng.reporters.JUnitXMLReporter -->
<testsuite ignored="1" hostname="DESKTOP-4HJSG2K" failures="0" tests="2" name="Default test" time="33.625" errors="0" timestamp="2025-01-01T16:00:31 IST">
  <testcase classname="srctest.RadioBtn" name="verifyButtonText" time="0.086"/>
  <testcase classname="srctest.RadioBtn" name="verifyButtonText" time="0.065"/>
  <testcase classname="srctest.RadioBtn" name="radioBtnisEnabled" time="0.0">
    <ignored/>
  </testcase> <!-- radioBtnisEnabled -->
</testsuite> <!-- Default test -->
