<?xml version="1.0" encoding="UTF-8"?>
<testng-results ignored="1" total="3" passed="2" failed="0" skipped="0">
  <reporter-output>
  </reporter-output>
  <suite started-at="2025-01-01T15:59:58 IST" name="Default suite" finished-at="2025-01-01T16:00:31 IST" duration-ms="33625">
    <groups>
    </groups>
    <test started-at="2025-01-01T15:59:58 IST" name="Default test" finished-at="2025-01-01T16:00:31 IST" duration-ms="33625">
      <class name="srctest.RadioBtn">
        <test-method is-config="true" signature="launchBrowser()[pri:0, instance:srctest.RadioBtn@5b1669c0]" started-at="2025-01-01T15:59:58 IST" name="launchBrowser" finished-at="2025-01-01T16:00:16 IST" duration-ms="18646" status="PASS">
          <reporter-output>
          </reporter-output>
        </test-method> <!-- launchBrowser -->
        <test-method signature="verifyButtonText()[pri:1, instance:srctest.RadioBtn@5b1669c0]" started-at="2025-01-01T16:00:16 IST" name="verifyButtonText" finished-at="2025-01-01T16:00:16 IST" duration-ms="86" status="PASS">
          <reporter-output>
          </reporter-output>
        </test-method> <!-- verifyButtonText -->
        <test-method is-config="true" signature="launchBrowser()[pri:0, instance:srctest.RadioBtn@5b1669c0]" started-at="2025-01-01T16:00:16 IST" name="launchBrowser" finished-at="2025-01-01T16:00:31 IST" duration-ms="14681" status="PASS">
          <reporter-output>
          </reporter-output>
        </test-method> <!-- launchBrowser -->
        <test-method signature="verifyButtonText()[pri:1, instance:srctest.RadioBtn@5b1669c0]" started-at="2025-01-01T16:00:31 IST" name="verifyButtonText" finished-at="2025-01-01T16:00:31 IST" duration-ms="65" status="PASS">
          <reporter-output>
          </reporter-output>
        </test-method> <!-- verifyButtonText -->
      </class> <!-- srctest.RadioBtn -->
    </test> <!-- Default test -->
  </suite> <!-- Default suite -->
</testng-results>
