<?xml version="1.0" encoding="UTF-8"?>
<testng-results ignored="0" total="1" passed="1" failed="0" skipped="0">
  <reporter-output>
  </reporter-output>
  <suite started-at="2025-01-02T23:55:00 IST" name="Default suite" finished-at="2025-01-02T23:55:13 IST" duration-ms="12595">
    <groups>
    </groups>
    <test started-at="2025-01-02T23:55:00 IST" name="Default test" finished-at="2025-01-02T23:55:13 IST" duration-ms="12595">
      <class name="assignments.PrintAllNames">
        <test-method is-config="true" signature="launchBrowser()[pri:0, instance:assignments.PrintAllNames@2eae8e6e]" started-at="2025-01-02T23:55:01 IST" name="launchBrowser" finished-at="2025-01-02T23:55:13 IST" duration-ms="12193" status="PASS">
          <reporter-output>
          </reporter-output>
        </test-method> <!-- launchBrowser -->
        <test-method signature="allNames()[pri:0, instance:assignments.PrintAllNames@2eae8e6e]" started-at="2025-01-02T23:55:13 IST" name="allNames" finished-at="2025-01-02T23:55:13 IST" duration-ms="291" status="PASS">
          <reporter-output>
          </reporter-output>
        </test-method> <!-- allNames -->
      </class> <!-- assignments.PrintAllNames -->
    </test> <!-- Default test -->
  </suite> <!-- Default suite -->
</testng-results>
